{"D:\\Aulas\\Programação de Scripts\\Raízes e Fogo\\webpageraizesefogo\\src\\server.ts": {"path":"D:\\Aulas\\Programação de Scripts\\Raízes e Fogo\\webpageraizesefogo\\src\\server.ts","statementMap":{"0":{"start":{"line":12,"column":19},"end":{"line":12,"column":49}},"1":{"start":{"line":13,"column":18},"end":{"line":13,"column":42}},"2":{"start":{"line":15,"column":12},"end":{"line":15,"column":21}},"3":{"start":{"line":16,"column":13},"end":{"line":16,"column":63}},"4":{"start":{"line":18,"column":0},"end":{"line":18,"column":48}},"5":{"start":{"line":19,"column":0},"end":{"line":19,"column":24}},"6":{"start":{"line":21,"column":0},"end":{"line":21,"column":59}},"7":{"start":{"line":23,"column":0},"end":{"line":23,"column":51}},"8":{"start":{"line":24,"column":0},"end":{"line":24,"column":30}},"9":{"start":{"line":26,"column":0},"end":{"line":26,"column":26}},"10":{"start":{"line":27,"column":0},"end":{"line":27,"column":35}},"11":{"start":{"line":28,"column":0},"end":{"line":28,"column":31}},"12":{"start":{"line":29,"column":0},"end":{"line":29,"column":38}},"13":{"start":{"line":31,"column":0},"end":{"line":41,"column":1}},"14":{"start":{"line":32,"column":2},"end":{"line":40,"column":75}},"15":{"start":{"line":35,"column":6},"end":{"line":35,"column":63}},"16":{"start":{"line":36,"column":6},"end":{"line":38,"column":8}},"17":{"start":{"line":37,"column":8},"end":{"line":37,"column":67}},"18":{"start":{"line":40,"column":25},"end":{"line":40,"column":73}}},"fnMap":{"0":{"name":"(anonymous_0)","decl":{"start":{"line":34,"column":10},"end":{"line":34,"column":13}},"loc":{"start":{"line":34,"column":15},"end":{"line":39,"column":5}}},"1":{"name":"(anonymous_1)","decl":{"start":{"line":36,"column":23},"end":{"line":36,"column":26}},"loc":{"start":{"line":37,"column":8},"end":{"line":37,"column":67}}},"2":{"name":"(anonymous_2)","decl":{"start":{"line":40,"column":11},"end":{"line":40,"column":12}},"loc":{"start":{"line":40,"column":25},"end":{"line":40,"column":73}}}},"branchMap":{"0":{"loc":{"start":{"line":16,"column":13},"end":{"line":16,"column":63}},"type":"cond-expr","locations":[{"start":{"line":16,"column":32},"end":{"line":16,"column":56}},{"start":{"line":16,"column":59},"end":{"line":16,"column":63}}]},"1":{"loc":{"start":{"line":31,"column":0},"end":{"line":41,"column":1}},"type":"if","locations":[{"start":{"line":31,"column":0},"end":{"line":41,"column":1}}]}},"s":{"0":2,"1":2,"2":2,"3":2,"4":2,"5":2,"6":2,"7":2,"8":2,"9":2,"10":2,"11":2,"12":2,"13":2,"14":0,"15":0,"16":0,"17":0,"18":0},"f":{"0":0,"1":0,"2":0},"b":{"0":[0,2],"1":[0]}}
,"D:\\Aulas\\Programação de Scripts\\Raízes e Fogo\\webpageraizesefogo\\src\\config\\database.ts": {"path":"D:\\Aulas\\Programação de Scripts\\Raízes e Fogo\\webpageraizesefogo\\src\\config\\database.ts","statementMap":{"0":{"start":{"line":5,"column":19},"end":{"line":5,"column":49}},"1":{"start":{"line":6,"column":18},"end":{"line":6,"column":42}},"2":{"start":{"line":8,"column":18},"end":{"line":12,"column":2}}},"fnMap":{},"branchMap":{},"s":{"0":2,"1":2,"2":2},"f":{},"b":{}}
,"D:\\Aulas\\Programação de Scripts\\Raízes e Fogo\\webpageraizesefogo\\src\\models\\Pergunta.ts": {"path":"D:\\Aulas\\Programação de Scripts\\Raízes e Fogo\\webpageraizesefogo\\src\\models\\Pergunta.ts","statementMap":{"0":{"start":{"line":4,"column":17},"end":{"line":13,"column":2}}},"fnMap":{},"branchMap":{},"s":{"0":0},"f":{},"b":{}}
,"D:\\Aulas\\Programação de Scripts\\Raízes e Fogo\\webpageraizesefogo\\src\\routes\\contato.ts": {"path":"D:\\Aulas\\Programação de Scripts\\Raízes e Fogo\\webpageraizesefogo\\src\\routes\\contato.ts","statementMap":{"0":{"start":{"line":3,"column":15},"end":{"line":3,"column":31}},"1":{"start":{"line":5,"column":0},"end":{"line":10,"column":3}},"2":{"start":{"line":6,"column":2},"end":{"line":9,"column":5}}},"fnMap":{"0":{"name":"(anonymous_0)","decl":{"start":{"line":5,"column":16},"end":{"line":5,"column":17}},"loc":{"start":{"line":5,"column":29},"end":{"line":10,"column":1}}}},"branchMap":{},"s":{"0":2,"1":2,"2":1},"f":{"0":1},"b":{}}
,"D:\\Aulas\\Programação de Scripts\\Raízes e Fogo\\webpageraizesefogo\\src\\routes\\index.ts": {"path":"D:\\Aulas\\Programação de Scripts\\Raízes e Fogo\\webpageraizesefogo\\src\\routes\\index.ts","statementMap":{"0":{"start":{"line":4,"column":15},"end":{"line":4,"column":31}},"1":{"start":{"line":6,"column":0},"end":{"line":18,"column":3}},"2":{"start":{"line":7,"column":20},"end":{"line":11,"column":4}},"3":{"start":{"line":13,"column":2},"end":{"line":17,"column":5}}},"fnMap":{"0":{"name":"(anonymous_0)","decl":{"start":{"line":6,"column":16},"end":{"line":6,"column":21}},"loc":{"start":{"line":6,"column":35},"end":{"line":18,"column":1}}}},"branchMap":{},"s":{"0":2,"1":2,"2":2,"3":2},"f":{"0":2},"b":{}}
,"D:\\Aulas\\Programação de Scripts\\Raízes e Fogo\\webpageraizesefogo\\src\\routes\\login.ts": {"path":"D:\\Aulas\\Programação de Scripts\\Raízes e Fogo\\webpageraizesefogo\\src\\routes\\login.ts","statementMap":{"0":{"start":{"line":3,"column":15},"end":{"line":3,"column":31}},"1":{"start":{"line":5,"column":0},"end":{"line":10,"column":3}},"2":{"start":{"line":6,"column":2},"end":{"line":9,"column":5}}},"fnMap":{"0":{"name":"(anonymous_0)","decl":{"start":{"line":5,"column":16},"end":{"line":5,"column":17}},"loc":{"start":{"line":5,"column":29},"end":{"line":10,"column":1}}}},"branchMap":{},"s":{"0":2,"1":2,"2":1},"f":{"0":1},"b":{}}
,"D:\\Aulas\\Programação de Scripts\\Raízes e Fogo\\webpageraizesefogo\\src\\routes\\pergunta.ts": {"path":"D:\\Aulas\\Programação de Scripts\\Raízes e Fogo\\webpageraizesefogo\\src\\routes\\pergunta.ts","statementMap":{"0":{"start":{"line":4,"column":15},"end":{"line":4,"column":31}},"1":{"start":{"line":7,"column":0},"end":{"line":20,"column":3}},"2":{"start":{"line":8,"column":20},"end":{"line":11,"column":4}},"3":{"start":{"line":13,"column":2},"end":{"line":19,"column":5}},"4":{"start":{"line":23,"column":0},"end":{"line":28,"column":3}},"5":{"start":{"line":24,"column":2},"end":{"line":27,"column":5}},"6":{"start":{"line":31,"column":0},"end":{"line":40,"column":3}},"7":{"start":{"line":32,"column":17},"end":{"line":32,"column":27}},"8":{"start":{"line":33,"column":19},"end":{"line":33,"column":46}},"9":{"start":{"line":34,"column":2},"end":{"line":34,"column":51}},"10":{"start":{"line":34,"column":17},"end":{"line":34,"column":51}},"11":{"start":{"line":35,"column":2},"end":{"line":39,"column":5}},"12":{"start":{"line":43,"column":0},"end":{"line":52,"column":3}},"13":{"start":{"line":44,"column":17},"end":{"line":44,"column":27}},"14":{"start":{"line":45,"column":19},"end":{"line":45,"column":46}},"15":{"start":{"line":46,"column":2},"end":{"line":46,"column":51}},"16":{"start":{"line":46,"column":17},"end":{"line":46,"column":51}},"17":{"start":{"line":47,"column":2},"end":{"line":51,"column":5}},"18":{"start":{"line":55,"column":0},"end":{"line":60,"column":3}},"19":{"start":{"line":56,"column":17},"end":{"line":56,"column":27}},"20":{"start":{"line":57,"column":32},"end":{"line":57,"column":40}},"21":{"start":{"line":58,"column":2},"end":{"line":58,"column":66}},"22":{"start":{"line":59,"column":2},"end":{"line":59,"column":29}},"23":{"start":{"line":63,"column":0},"end":{"line":67,"column":3}},"24":{"start":{"line":64,"column":17},"end":{"line":64,"column":27}},"25":{"start":{"line":65,"column":2},"end":{"line":65,"column":44}},"26":{"start":{"line":66,"column":2},"end":{"line":66,"column":29}},"27":{"start":{"line":70,"column":0},"end":{"line":82,"column":3}},"28":{"start":{"line":71,"column":17},"end":{"line":71,"column":27}},"29":{"start":{"line":73,"column":19},"end":{"line":73,"column":46}},"30":{"start":{"line":75,"column":2},"end":{"line":75,"column":42}},"31":{"start":{"line":75,"column":17},"end":{"line":75,"column":42}},"32":{"start":{"line":77,"column":2},"end":{"line":81,"column":5}},"33":{"start":{"line":85,"column":0},"end":{"line":91,"column":3}},"34":{"start":{"line":86,"column":32},"end":{"line":86,"column":40}},"35":{"start":{"line":88,"column":2},"end":{"line":88,"column":47}},"36":{"start":{"line":90,"column":2},"end":{"line":90,"column":20}}},"fnMap":{"0":{"name":"(anonymous_0)","decl":{"start":{"line":7,"column":16},"end":{"line":7,"column":21}},"loc":{"start":{"line":7,"column":35},"end":{"line":20,"column":1}}},"1":{"name":"(anonymous_1)","decl":{"start":{"line":23,"column":20},"end":{"line":23,"column":21}},"loc":{"start":{"line":23,"column":33},"end":{"line":28,"column":1}}},"2":{"name":"(anonymous_2)","decl":{"start":{"line":31,"column":23},"end":{"line":31,"column":28}},"loc":{"start":{"line":31,"column":42},"end":{"line":40,"column":1}}},"3":{"name":"(anonymous_3)","decl":{"start":{"line":43,"column":26},"end":{"line":43,"column":31}},"loc":{"start":{"line":43,"column":45},"end":{"line":52,"column":1}}},"4":{"name":"(anonymous_4)","decl":{"start":{"line":55,"column":27},"end":{"line":55,"column":32}},"loc":{"start":{"line":55,"column":46},"end":{"line":60,"column":1}}},"5":{"name":"(anonymous_5)","decl":{"start":{"line":63,"column":28},"end":{"line":63,"column":33}},"loc":{"start":{"line":63,"column":47},"end":{"line":67,"column":1}}},"6":{"name":"(anonymous_6)","decl":{"start":{"line":70,"column":19},"end":{"line":70,"column":24}},"loc":{"start":{"line":70,"column":38},"end":{"line":82,"column":1}}},"7":{"name":"(anonymous_7)","decl":{"start":{"line":85,"column":21},"end":{"line":85,"column":26}},"loc":{"start":{"line":85,"column":40},"end":{"line":91,"column":1}}}},"branchMap":{"0":{"loc":{"start":{"line":34,"column":2},"end":{"line":34,"column":51}},"type":"if","locations":[{"start":{"line":34,"column":2},"end":{"line":34,"column":51}}]},"1":{"loc":{"start":{"line":46,"column":2},"end":{"line":46,"column":51}},"type":"if","locations":[{"start":{"line":46,"column":2},"end":{"line":46,"column":51}}]},"2":{"loc":{"start":{"line":75,"column":2},"end":{"line":75,"column":42}},"type":"if","locations":[{"start":{"line":75,"column":2},"end":{"line":75,"column":42}}]}},"s":{"0":2,"1":2,"2":2,"3":2,"4":2,"5":1,"6":2,"7":2,"8":2,"9":2,"10":1,"11":1,"12":2,"13":2,"14":2,"15":2,"16":1,"17":1,"18":2,"19":1,"20":1,"21":1,"22":1,"23":2,"24":1,"25":1,"26":1,"27":2,"28":2,"29":2,"30":2,"31":1,"32":1,"33":2,"34":1,"35":1,"36":1},"f":{"0":2,"1":1,"2":2,"3":2,"4":1,"5":1,"6":2,"7":1},"b":{"0":[1],"1":[1],"2":[1]}}
}
