TN:
SF:src\server.ts
FN:34,(anonymous_0)
FN:36,(anonymous_1)
FN:40,(anonymous_2)
FNF:3
FNH:0
FNDA:0,(anonymous_0)
FNDA:0,(anonymous_1)
FNDA:0,(anonymous_2)
DA:12,2
DA:13,2
DA:15,2
DA:16,2
DA:18,2
DA:19,2
DA:21,2
DA:23,2
DA:24,2
DA:26,2
DA:27,2
DA:28,2
DA:29,2
DA:31,2
DA:32,0
DA:35,0
DA:36,0
DA:37,0
DA:40,0
LF:19
LH:14
BRDA:16,0,0,0
BRDA:16,0,1,2
BRDA:31,1,0,0
BRF:3
BRH:1
end_of_record
TN:
SF:src\config\database.ts
FNF:0
FNH:0
DA:5,2
DA:6,2
DA:8,2
LF:3
LH:3
BRF:0
BRH:0
end_of_record
TN:
SF:src\models\Pergunta.ts
FNF:0
FNH:0
DA:4,0
LF:1
LH:0
BRF:0
BRH:0
end_of_record
TN:
SF:src\routes\contato.ts
FN:5,(anonymous_0)
FNF:1
FNH:1
FNDA:1,(anonymous_0)
DA:3,2
DA:5,2
DA:6,1
LF:3
LH:3
BRF:0
BRH:0
end_of_record
TN:
SF:src\routes\index.ts
FN:6,(anonymous_0)
FNF:1
FNH:1
FNDA:2,(anonymous_0)
DA:4,2
DA:6,2
DA:7,2
DA:13,2
LF:4
LH:4
BRF:0
BRH:0
end_of_record
TN:
SF:src\routes\login.ts
FN:5,(anonymous_0)
FNF:1
FNH:1
FNDA:1,(anonymous_0)
DA:3,2
DA:5,2
DA:6,1
LF:3
LH:3
BRF:0
BRH:0
end_of_record
TN:
SF:src\routes\pergunta.ts
FN:7,(anonymous_0)
FN:23,(anonymous_1)
FN:31,(anonymous_2)
FN:43,(anonymous_3)
FN:55,(anonymous_4)
FN:63,(anonymous_5)
FN:70,(anonymous_6)
FN:85,(anonymous_7)
FNF:8
FNH:8
FNDA:2,(anonymous_0)
FNDA:1,(anonymous_1)
FNDA:2,(anonymous_2)
FNDA:2,(anonymous_3)
FNDA:1,(anonymous_4)
FNDA:1,(anonymous_5)
FNDA:2,(anonymous_6)
FNDA:1,(anonymous_7)
DA:4,2
DA:7,2
DA:8,2
DA:13,2
DA:23,2
DA:24,1
DA:31,2
DA:32,2
DA:33,2
DA:34,2
DA:35,1
DA:43,2
DA:44,2
DA:45,2
DA:46,2
DA:47,1
DA:55,2
DA:56,1
DA:57,1
DA:58,1
DA:59,1
DA:63,2
DA:64,1
DA:65,1
DA:66,1
DA:70,2
DA:71,2
DA:73,2
DA:75,2
DA:77,1
DA:85,2
DA:86,1
DA:88,1
DA:90,1
LF:34
LH:34
BRDA:34,0,0,1
BRDA:46,1,0,1
BRDA:75,2,0,1
BRF:3
BRH:3
end_of_record
